\BOOKMARK [0][-]{chapter.1}{Introduction}{}% 1
\BOOKMARK [1][-]{section.1.1}{Contributions}{chapter.1}% 2
\BOOKMARK [1][-]{section.1.2}{Release notes}{chapter.1}% 3
\BOOKMARK [2][-]{subsection.1.2.1}{Version 4.0.0}{section.1.2}% 4
\BOOKMARK [1][-]{section.1.3}{Published results}{chapter.1}% 5
\BOOKMARK [2][-]{subsection.1.3.1}{Channel and Couette flow studies}{section.1.3}% 6
\BOOKMARK [2][-]{subsection.1.3.2}{Boundary layer flow studies}{section.1.3}% 7
\BOOKMARK [0][-]{chapter.2}{Installation}{}% 8
\BOOKMARK [1][-]{section.2.1}{Prerequisites}{chapter.2}% 9
\BOOKMARK [2][-]{subsection.2.1.1}{Requirements}{section.2.1}% 10
\BOOKMARK [2][-]{subsection.2.1.2}{Optional requirements}{section.2.1}% 11
\BOOKMARK [1][-]{section.2.2}{Directory structure}{chapter.2}% 12
\BOOKMARK [1][-]{section.2.3}{Building Simson}{chapter.2}% 13
\BOOKMARK [2][-]{subsection.2.3.1}{Configuring}{section.2.3}% 14
\BOOKMARK [2][-]{subsection.2.3.2}{Compiling}{section.2.3}% 15
\BOOKMARK [2][-]{subsection.2.3.3}{Compiling for parallel runs}{section.2.3}% 16
\BOOKMARK [2][-]{subsection.2.3.4}{Installing}{section.2.3}% 17
\BOOKMARK [0][-]{chapter.3}{Operation}{}% 18
\BOOKMARK [1][-]{section.3.1}{Preprocessing}{chapter.3}% 19
\BOOKMARK [2][-]{subsection.3.1.1}{Generating initial velocity fields with fsc and bls}{section.3.1}% 20
\BOOKMARK [2][-]{subsection.3.1.2}{Generating non-similarity base flows}{section.3.1}% 21
\BOOKMARK [1][-]{section.3.2}{Running bla}{chapter.3}% 22
\BOOKMARK [2][-]{subsection.3.2.1}{Running in serial}{section.3.2}% 23
\BOOKMARK [2][-]{subsection.3.2.2}{Running in parallel with OpenMP}{section.3.2}% 24
\BOOKMARK [2][-]{subsection.3.2.3}{Running in parallel with MPI}{section.3.2}% 25
\BOOKMARK [2][-]{subsection.3.2.4}{Memory requirements}{section.3.2}% 26
\BOOKMARK [2][-]{subsection.3.2.5}{Performance tuning}{section.3.2}% 27
\BOOKMARK [1][-]{section.3.3}{Postprocessing}{chapter.3}% 28
\BOOKMARK [2][-]{subsection.3.3.1}{Postprocessing velocity files with rit}{section.3.3}% 29
\BOOKMARK [2][-]{subsection.3.3.2}{Postprocessing velocity files with cmp}{section.3.3}% 30
\BOOKMARK [2][-]{subsection.3.3.3}{Postprocessing plane files with rps}{section.3.3}% 31
\BOOKMARK [2][-]{subsection.3.3.4}{Postprocessing velocity files with fou}{section.3.3}% 32
\BOOKMARK [2][-]{subsection.3.3.5}{Postprocessing amplitude files with pamp1, pamp2, pampw, pampw2 and pext1}{section.3.3}% 33
\BOOKMARK [2][-]{subsection.3.3.6}{Postprocessing xy-statistics files with pxyst}{section.3.3}% 34
\BOOKMARK [0][-]{chapter.4}{Theory}{}% 35
\BOOKMARK [1][-]{section.4.1}{Derivation of the velocity\205vorticity formulation}{chapter.4}% 36
\BOOKMARK [1][-]{section.4.2}{Forcing}{chapter.4}% 37
\BOOKMARK [2][-]{subsection.4.2.1}{Temporal simulations}{section.4.2}% 38
\BOOKMARK [2][-]{subsection.4.2.2}{Spatial simulations}{section.4.2}% 39
\BOOKMARK [1][-]{section.4.3}{Boundary conditions}{chapter.4}% 40
\BOOKMARK [2][-]{subsection.4.3.1}{Poiseuille flow}{section.4.3}% 41
\BOOKMARK [2][-]{subsection.4.3.2}{Couette flow}{section.4.3}% 42
\BOOKMARK [2][-]{subsection.4.3.3}{Boundary layer flow}{section.4.3}% 43
\BOOKMARK [2][-]{subsection.4.3.4}{Asymptotic suction boundary layer flow}{section.4.3}% 44
\BOOKMARK [2][-]{subsection.4.3.5}{Surface roughness}{section.4.3}% 45
\BOOKMARK [2][-]{subsection.4.3.6}{Jet in crossflow}{section.4.3}% 46
\BOOKMARK [1][-]{section.4.4}{Initial conditions}{chapter.4}% 47
\BOOKMARK [1][-]{section.4.5}{Disturbance formulation and linearized solver}{chapter.4}% 48
\BOOKMARK [1][-]{section.4.6}{Pressure solver}{chapter.4}% 49
\BOOKMARK [1][-]{section.4.7}{Passive scalar}{chapter.4}% 50
\BOOKMARK [1][-]{section.4.8}{Selective frequency damping}{chapter.4}% 51
\BOOKMARK [1][-]{section.4.9}{Large-eddy simulation}{chapter.4}% 52
\BOOKMARK [2][-]{subsection.4.9.1}{Dynamic Smagorinsky model}{section.4.9}% 53
\BOOKMARK [2][-]{subsection.4.9.2}{High-pass filtered Smagorinsky model}{section.4.9}% 54
\BOOKMARK [2][-]{subsection.4.9.3}{Relaxation-term model \(ADM-RT\)}{section.4.9}% 55
\BOOKMARK [1][-]{section.4.10}{Magneto-Hydrodynamics \(MHD\)}{chapter.4}% 56
\BOOKMARK [0][-]{chapter.5}{Numerical method}{}% 57
\BOOKMARK [1][-]{section.5.1}{Temporal discretization}{chapter.5}% 58
\BOOKMARK [1][-]{section.5.2}{Horizontal discretization \205 Fourier expansions}{chapter.5}% 59
\BOOKMARK [2][-]{subsection.5.2.1}{Normal velocity and normal vorticity equations}{section.5.2}% 60
\BOOKMARK [2][-]{subsection.5.2.2}{Horizontal velocities and wavenumber zero}{section.5.2}% 61
\BOOKMARK [2][-]{subsection.5.2.3}{Solution procedure with boundary conditions}{section.5.2}% 62
\BOOKMARK [1][-]{section.5.3}{Normal discretization \205 Chebyshev expansion}{chapter.5}% 63
\BOOKMARK [2][-]{subsection.5.3.1}{Chebyshev tau method \205 CTM}{section.5.3}% 64
\BOOKMARK [2][-]{subsection.5.3.2}{Chebyshev integration method \205 CIM}{section.5.3}% 65
\BOOKMARK [2][-]{subsection.5.3.3}{Integration correction}{section.5.3}% 66
\BOOKMARK [0][-]{chapter.6}{Implementation}{}% 67
\BOOKMARK [1][-]{section.6.1}{Program structure of bla}{chapter.6}% 68
\BOOKMARK [2][-]{subsection.6.1.1}{Step 1, Initialization}{section.6.1}% 69
\BOOKMARK [2][-]{subsection.6.1.2}{Step 2, Computations in physical space}{section.6.1}% 70
\BOOKMARK [2][-]{subsection.6.1.3}{Step 3, Computations in Fourier\205Chebyshev space}{section.6.1}% 71
\BOOKMARK [2][-]{subsection.6.1.4}{Step 4, Output}{section.6.1}% 72
\BOOKMARK [1][-]{section.6.2}{Data structure}{chapter.6}% 73
\BOOKMARK [2][-]{subsection.6.2.1}{Complex numbers and FFTs}{section.6.2}% 74
\BOOKMARK [2][-]{subsection.6.2.2}{Main storage, boxes, drawers, and planes}{section.6.2}% 75
\BOOKMARK [2][-]{subsection.6.2.3}{Naming conventions}{section.6.2}% 76
\BOOKMARK [2][-]{subsection.6.2.4}{The oddball wavenumbers}{section.6.2}% 77
\BOOKMARK [1][-]{section.6.3}{Parallelization}{chapter.6}% 78
\BOOKMARK [2][-]{subsection.6.3.1}{OpenMP}{section.6.3}% 79
\BOOKMARK [2][-]{subsection.6.3.2}{MPI}{section.6.3}% 80
\BOOKMARK [0][-]{chapter.7}{File formats}{}% 81
\BOOKMARK [1][-]{section.7.1}{Compile time parameter file par.f}{chapter.7}% 82
\BOOKMARK [1][-]{section.7.2}{Runtime parameter file fsc.i}{chapter.7}% 83
\BOOKMARK [1][-]{section.7.3}{Runtime parameter file bls.i}{chapter.7}% 84
\BOOKMARK [1][-]{section.7.4}{Runtime parameter file bla.i}{chapter.7}% 85
\BOOKMARK [1][-]{section.7.5}{Runtime LES parameter file sgs.i}{chapter.7}% 86
\BOOKMARK [1][-]{section.7.6}{Velocity file}{chapter.7}% 87
\BOOKMARK [1][-]{section.7.7}{Pressure file}{chapter.7}% 88
\BOOKMARK [1][-]{section.7.8}{Amplitude file}{chapter.7}% 89
\BOOKMARK [1][-]{section.7.9}{Wave amplitude file}{chapter.7}% 90
\BOOKMARK [1][-]{section.7.10}{Extremum file}{chapter.7}% 91
\BOOKMARK [1][-]{section.7.11}{Plane velocity file}{chapter.7}% 92
\BOOKMARK [1][-]{section.7.12}{xy-statistics file}{chapter.7}% 93
\BOOKMARK [1][-]{section.7.13}{Two-point correlation file}{chapter.7}% 94
\BOOKMARK [1][-]{section.7.14}{Time-series file}{chapter.7}% 95
\BOOKMARK [1][-]{section.7.15}{Free-stream velocity table file}{chapter.7}% 96
\BOOKMARK [1][-]{section.7.16}{Forced wave file wave.dat}{chapter.7}% 97
\BOOKMARK [1][-]{section.7.17}{Base flow profile file fsc.dat}{chapter.7}% 98
\BOOKMARK [1][-]{section.7.18}{Surface-roughness file}{chapter.7}% 99
\BOOKMARK [0][-]{section*.2}{Bibliography}{}% 100
\BOOKMARK [0][-]{appendix.A}{Examples}{}% 101
\BOOKMARK [1][-]{section.A.1}{Temporal channel and Blasius boundary layer flow}{appendix.A}% 102
\BOOKMARK [1][-]{section.A.2}{Temporal turbulent channel flow at Re=180}{appendix.A}% 103
\BOOKMARK [1][-]{section.A.3}{Temporal Couette flow with turbulent spots}{appendix.A}% 104
\BOOKMARK [1][-]{section.A.4}{Temporal Falkner\205Skan\205Cooke boundary layer flow}{appendix.A}% 105
\BOOKMARK [1][-]{section.A.5}{Asymptotic suction boundary layer flow}{appendix.A}% 106
\BOOKMARK [1][-]{section.A.6}{Spatial Blasius boundary layer flow}{appendix.A}% 107
\BOOKMARK [1][-]{section.A.7}{Spatial Falkner\205Skan\205Cooke boundary layer flow}{appendix.A}% 108
\BOOKMARK [0][-]{appendix.B}{Scaling of variables}{}% 109
